    _                _                      
   / \   ___ ___ ___| | ___ _ __ __ _ _   _ 
  / _ \ / __/ __/ _ \ |/ _ \ '__/ _` | | | |
 / ___ \ (_| (_|  __/ |  __/ | | (_| | |_| |
/_/   \_\___\___\___|_|\___|_|  \__, |\__, |
                                |___/ |___/ 

Info: generating outputs according to the following specified output flags... 
 Please use the -f flag to update the preference (default to all output files) 
{'ERT': 1, 'ERT_summary': 1, 'ART': 1, 'ART_summary': 1, 'energy_estimation': 1, 'flattened_arch': 1}
Info: config file located: /home/glint/.config/accelergy/accelergy_config.yaml 
config file content: 
 {'compound_components': [], 'estimator_plug_ins': ['/home/glint/.local/share/accelergy/estimation_plug_ins'], 'primitive_components': ['/home/glint/.local/share/accelergy/primitive_component_libs'], 'table_plug_ins': {'roots': ['/home/glint/ws/PIM_estimation_tables', '/home/glint/.local/share/accelergy/estimation_plug_ins/accelergy-table-based-plug-ins/set_of_table_templates']}, 'version': 0.3}
Warn: Cannot recognize the top key "problem" in file ../../MM/Attn.yaml 
Warn: Cannot recognize the top key "mapper" in file ../../mapper/mapper.yaml 
Warn: Cannot recognize the top key "architecture_constraints" in file ../../constraints/simba_like_arch_constraints.yaml 
Warn: Cannot recognize the top key "mapspace_constraints" in file ../../constraints/simba_like_map_constraints.yaml 
Info: Parsing file ../../arch/simba_like.yaml for architecture info 
Info: Found non-numeric expression 45nm. Available bindings: {'datawidth': 8, 'word-bits': 8, 'technology': '45nm', 'latency': '1ns'} 
WARN: Failed to evaluate "45nm". Setting System.technology="45nm". Available bindings: {'datawidth': 8, 'word-bits': 8, 'technology': '45nm', 'latency': '1ns'}
Info: Found non-numeric expression 1ns. Available bindings: {'datawidth': 8, 'word-bits': 8, 'technology': '45nm', 'latency': '1ns'} 
WARN: Failed to evaluate "1ns". Setting System.latency="1ns". Available bindings: {'datawidth': 8, 'word-bits': 8, 'technology': '45nm', 'latency': '1ns'}
Info: Found non-numeric expression HMB3. Available bindings: {'type': 'HMB3', 'width': 8, 'block-size': 1, 'word-bits': 8, 'datawidth': 8, 'technology': '45nm', 'latency': '1ns'} 
WARN: Failed to evaluate "HMB3". Setting variables.type="HMB3". Available bindings: {'name': 'DRAM', 'class': 'DRAM', 'attributes': {'type': 'HMB3', 'width': 8, 'block-size': 1, 'word-bits': 8, 'datawidth': 8, 'technology': '45nm', 'latency': '1ns'}}
Info: Parsing file ../../arch/components/lmac.yaml for compound_components info 
Info: Parsing file ../../arch/components/smartbuffer_SRAM.yaml for compound_components info 
Info: primitive component file parsed:  /home/glint/.local/share/accelergy/primitive_component_libs/soc_primitives.lib.yaml 
Info: primitive component file parsed:  /home/glint/.local/share/accelergy/primitive_component_libs/primitive_component.lib.yaml 
Info: primitive component file parsed:  /home/glint/.local/share/accelergy/primitive_component_libs/pim_primitive_component.lib.yaml 
Info: Calculated "log(memory_depth)" = 6.238324625039508 
Info: Found non-numeric expression 5ns. Available bindings: OrderedDict([('technology', '45nm'), ('width', 6.238324625039508), ('datawidth', 16), ('num_pipeline_stages', 1), ('latency', '5ns')]) 
WARN: Failed to evaluate "5ns". Setting address_generators[0..1].latency="5ns". Available bindings: OrderedDict([('technology', '45nm'), ('width', 6.238324625039508), ('datawidth', 16), ('num_pipeline_stages', 1), ('latency', '5ns')])
Info: Calculated "n_banks" = 1 
Info: Calculated "log(memory_depth)" = 4.1588830833596715 
Info: Calculated "log(memory_depth)" = 7.6246189861593985 
Info: estimator plug-in identified by:  /home/glint/.local/share/accelergy/estimation_plug_ins/dummy_tables/dummy.estimator.yaml 
Info: estimator plug-in identified by:  /home/glint/.local/share/accelergy/estimation_plug_ins/accelergy-table-based-plug-ins/table.estimator.yaml 
table-based-plug-ins Identifies a set of tables named:  32nm_tables
table-based-plug-ins Identifies a set of tables named:  memristor_tables
table-based-plug-ins Identifies a set of tables named:  test_tables
Info: estimator plug-in identified by:  /home/glint/.local/share/accelergy/estimation_plug_ins/accelergy-aladdin-plug-in/aladdin.estimator.yaml 
Info: estimator plug-in identified by:  /home/glint/.local/share/accelergy/estimation_plug_ins/accelergy-cacti-plug-in/cacti.estimator.yaml 
Info: CACTI plug-in... Querying CACTI for request:
 {'class_name': 'SRAM', 'attributes': OrderedDict([('technology', '45nm'), ('width', 128), ('depth', 512), ('latency', '1ns'), ('n_rdwr_ports', 2), ('n_banks', 1), ('n_rd_ports', 0), ('n_wr_ports', 0)]), 'action_name': 'write', 'arguments': {'data_delta': 0, 'address_delta': 0}}
copy  /home/glint/.local/share/accelergy/estimation_plug_ins/accelergy-cacti-plug-in/default_SRAM.cfg  to  /home/glint/.local/share/accelergy/estimation_plug_ins/accelergy-cacti-plug-in/cacti/timeloop-mapper.09_16_17_04_38_SRAM.cfg
CACTI plug-in removing temp file:  /home/glint/.local/share/accelergy/estimation_plug_ins/accelergy-cacti-plug-in/cacti/timeloop-mapper.09_16_17_04_38_SRAM.cfg
Info: CACTI plug-in... Querying CACTI for request:
 {'class_name': 'SRAM', 'attributes': OrderedDict([('technology', '45nm'), ('width', 32), ('depth', 64), ('latency', '1ns'), ('n_rdwr_ports', 2), ('n_banks', 1), ('n_rd_ports', 0), ('n_wr_ports', 0)]), 'action_name': 'write', 'arguments': {'data_delta': 0, 'address_delta': 0}}
copy  /home/glint/.local/share/accelergy/estimation_plug_ins/accelergy-cacti-plug-in/default_SRAM.cfg  to  /home/glint/.local/share/accelergy/estimation_plug_ins/accelergy-cacti-plug-in/cacti/timeloop-mapper.09_16_17_04_38_SRAM.cfg
CACTI plug-in removing temp file:  /home/glint/.local/share/accelergy/estimation_plug_ins/accelergy-cacti-plug-in/cacti/timeloop-mapper.09_16_17_04_38_SRAM.cfg
Info: CACTI plug-in... Querying CACTI for request:
 {'class_name': 'SRAM', 'attributes': OrderedDict([('technology', '45nm'), ('width', 256), ('depth', 2048), ('latency', '1ns'), ('n_rdwr_ports', 2), ('n_banks', 1), ('n_rd_ports', 0), ('n_wr_ports', 0)]), 'action_name': 'write', 'arguments': {'data_delta': 0, 'address_delta': 0}}
copy  /home/glint/.local/share/accelergy/estimation_plug_ins/accelergy-cacti-plug-in/default_SRAM.cfg  to  /home/glint/.local/share/accelergy/estimation_plug_ins/accelergy-cacti-plug-in/cacti/timeloop-mapper.09_16_17_04_38_SRAM.cfg
CACTI plug-in removing temp file:  /home/glint/.local/share/accelergy/estimation_plug_ins/accelergy-cacti-plug-in/cacti/timeloop-mapper.09_16_17_04_38_SRAM.cfg
Warn: No action counts are specified as yaml input 
Info: flattened architecture is saved to: ./timeloop-mapper.flattened_architecture.yaml 
Info: energy reference table is saved to: ./timeloop-mapper.ERT.yaml 
Info: energy reference table summary is saved to: ./timeloop-mapper.ERT_summary.yaml 
Warn: no runtime energy estimations are generated... not generating energy_estimation.yaml 
Info: area reference table is saved to: ./timeloop-mapper.ART.yaml 
Info: area reference table summary is saved to: ./timeloop-mapper.ART_summary.yaml 
